{"/media/majed/HDD_partition/VS code/React/request-system/src/app.ts": {"path":"/media/majed/HDD_partition/VS code/React/request-system/src/app.ts","statementMap":{"0":{"start":{"line":1,"column":0},"end":{"line":1,"column":30}},"1":{"start":{"line":2,"column":0},"end":{"line":2,"column":37}},"2":{"start":{"line":3,"column":0},"end":{"line":3,"column":52}},"3":{"start":{"line":4,"column":0},"end":{"line":4,"column":43}},"4":{"start":{"line":5,"column":0},"end":{"line":5,"column":41}},"5":{"start":{"line":6,"column":0},"end":{"line":6,"column":28}},"6":{"start":{"line":7,"column":0},"end":{"line":7,"column":16}},"7":{"start":{"line":8,"column":12},"end":{"line":8,"column":21}},"8":{"start":{"line":10,"column":0},"end":{"line":10,"column":27}},"9":{"start":{"line":11,"column":0},"end":{"line":11,"column":36}},"10":{"start":{"line":12,"column":0},"end":{"line":12,"column":64}},"11":{"start":{"line":14,"column":0},"end":{"line":14,"column":19}}},"fnMap":{},"branchMap":{},"s":{"0":1,"1":1,"2":1,"3":1,"4":1,"5":1,"6":1,"7":1,"8":1,"9":1,"10":1,"11":1},"f":{},"b":{}}
,"/media/majed/HDD_partition/VS code/React/request-system/src/config/database.ts": {"path":"/media/majed/HDD_partition/VS code/React/request-system/src/config/database.ts","statementMap":{"0":{"start":{"line":1,"column":0},"end":{"line":1,"column":38}},"1":{"start":{"line":3,"column":13},"end":{"line":7,"column":3}}},"fnMap":{},"branchMap":{},"s":{"0":1,"1":1},"f":{},"b":{}}
,"/media/majed/HDD_partition/VS code/React/request-system/src/controllers/request.controller.ts": {"path":"/media/majed/HDD_partition/VS code/React/request-system/src/controllers/request.controller.ts","statementMap":{"0":{"start":{"line":2,"column":0},"end":{"line":2,"column":31}},"1":{"start":{"line":3,"column":0},"end":{"line":3,"column":55}},"2":{"start":{"line":4,"column":0},"end":{"line":4,"column":50}},"3":{"start":{"line":7,"column":29},"end":{"line":11,"column":1}},"4":{"start":{"line":8,"column":28},"end":{"line":8,"column":36}},"5":{"start":{"line":9,"column":18},"end":{"line":9,"column":62}},"6":{"start":{"line":10,"column":2},"end":{"line":10,"column":32}},"7":{"start":{"line":7,"column":13},"end":{"line":7,"column":29}},"8":{"start":{"line":13,"column":30},"end":{"line":22,"column":1}},"9":{"start":{"line":14,"column":20},"end":{"line":14,"column":62}},"10":{"start":{"line":15,"column":4},"end":{"line":18,"column":5}},"11":{"start":{"line":16,"column":8},"end":{"line":16,"column":61}},"12":{"start":{"line":17,"column":8},"end":{"line":17,"column":15}},"13":{"start":{"line":19,"column":4},"end":{"line":19,"column":47}},"14":{"start":{"line":20,"column":4},"end":{"line":20,"column":25}},"15":{"start":{"line":21,"column":4},"end":{"line":21,"column":22}},"16":{"start":{"line":13,"column":13},"end":{"line":13,"column":30}},"17":{"start":{"line":24,"column":31},"end":{"line":35,"column":1}},"18":{"start":{"line":25,"column":29},"end":{"line":25,"column":37}},"19":{"start":{"line":26,"column":20},"end":{"line":26,"column":62}},"20":{"start":{"line":27,"column":4},"end":{"line":30,"column":5}},"21":{"start":{"line":27,"column":54},"end":{"line":30,"column":5}},"22":{"start":{"line":28,"column":8},"end":{"line":28,"column":61}},"23":{"start":{"line":29,"column":8},"end":{"line":29,"column":15}},"24":{"start":{"line":31,"column":4},"end":{"line":31,"column":45}},"25":{"start":{"line":32,"column":4},"end":{"line":32,"column":40}},"26":{"start":{"line":33,"column":4},"end":{"line":33,"column":25}},"27":{"start":{"line":34,"column":4},"end":{"line":34,"column":22}},"28":{"start":{"line":24,"column":13},"end":{"line":24,"column":31}},"29":{"start":{"line":37,"column":29},"end":{"line":48,"column":1}},"30":{"start":{"line":38,"column":23},"end":{"line":38,"column":31}},"31":{"start":{"line":39,"column":20},"end":{"line":39,"column":62}},"32":{"start":{"line":40,"column":4},"end":{"line":43,"column":5}},"33":{"start":{"line":41,"column":8},"end":{"line":41,"column":61}},"34":{"start":{"line":42,"column":8},"end":{"line":42,"column":15}},"35":{"start":{"line":44,"column":4},"end":{"line":44,"column":45}},"36":{"start":{"line":45,"column":4},"end":{"line":45,"column":34}},"37":{"start":{"line":46,"column":4},"end":{"line":46,"column":25}},"38":{"start":{"line":47,"column":4},"end":{"line":47,"column":22}},"39":{"start":{"line":37,"column":13},"end":{"line":37,"column":29}},"40":{"start":{"line":50,"column":28},"end":{"line":85,"column":1}},"41":{"start":{"line":51,"column":4},"end":{"line":84,"column":5}},"42":{"start":{"line":52,"column":51},"end":{"line":52,"column":60}},"43":{"start":{"line":53,"column":25},"end":{"line":53,"column":27}},"44":{"start":{"line":56,"column":6},"end":{"line":64,"column":7}},"45":{"start":{"line":57,"column":18},"end":{"line":57,"column":32}},"46":{"start":{"line":58,"column":27},"end":{"line":58,"column":59}},"47":{"start":{"line":59,"column":25},"end":{"line":59,"column":58}},"48":{"start":{"line":60,"column":8},"end":{"line":63,"column":10}},"49":{"start":{"line":67,"column":6},"end":{"line":72,"column":7}},"50":{"start":{"line":68,"column":8},"end":{"line":71,"column":10}},"51":{"start":{"line":75,"column":6},"end":{"line":77,"column":7}},"52":{"start":{"line":76,"column":8},"end":{"line":76,"column":30}},"53":{"start":{"line":79,"column":23},"end":{"line":79,"column":60}},"54":{"start":{"line":80,"column":6},"end":{"line":80,"column":29}},"55":{"start":{"line":82,"column":6},"end":{"line":82,"column":53}},"56":{"start":{"line":83,"column":6},"end":{"line":83,"column":65}},"57":{"start":{"line":50,"column":13},"end":{"line":50,"column":28}},"58":{"start":{"line":87,"column":40},"end":{"line":94,"column":1}},"59":{"start":{"line":88,"column":23},"end":{"line":88,"column":31}},"60":{"start":{"line":89,"column":22},"end":{"line":91,"column":null}},"61":{"start":{"line":93,"column":4},"end":{"line":93,"column":61}},"62":{"start":{"line":87,"column":13},"end":{"line":87,"column":40}}},"fnMap":{"0":{"name":"(anonymous_0)","decl":{"start":{"line":7,"column":29},"end":{"line":7,"column":34}},"loc":{"start":{"line":7,"column":67},"end":{"line":11,"column":1}}},"1":{"name":"(anonymous_1)","decl":{"start":{"line":13,"column":30},"end":{"line":13,"column":35}},"loc":{"start":{"line":13,"column":68},"end":{"line":22,"column":1}}},"2":{"name":"(anonymous_2)","decl":{"start":{"line":24,"column":31},"end":{"line":24,"column":36}},"loc":{"start":{"line":24,"column":69},"end":{"line":35,"column":1}}},"3":{"name":"(anonymous_3)","decl":{"start":{"line":37,"column":29},"end":{"line":37,"column":34}},"loc":{"start":{"line":37,"column":67},"end":{"line":48,"column":1}}},"4":{"name":"(anonymous_4)","decl":{"start":{"line":50,"column":28},"end":{"line":50,"column":33}},"loc":{"start":{"line":50,"column":97},"end":{"line":85,"column":1}}},"5":{"name":"(anonymous_5)","decl":{"start":{"line":87,"column":40},"end":{"line":87,"column":45}},"loc":{"start":{"line":87,"column":78},"end":{"line":94,"column":1}}}},"branchMap":{"0":{"loc":{"start":{"line":15,"column":4},"end":{"line":18,"column":5}},"type":"if","locations":[{"start":{"line":15,"column":4},"end":{"line":18,"column":5}}]},"1":{"loc":{"start":{"line":15,"column":8},"end":{"line":15,"column":44}},"type":"binary-expr","locations":[{"start":{"line":15,"column":8},"end":{"line":15,"column":16}},{"start":{"line":15,"column":20},"end":{"line":15,"column":44}}]},"2":{"loc":{"start":{"line":27,"column":4},"end":{"line":30,"column":5}},"type":"if","locations":[{"start":{"line":27,"column":4},"end":{"line":30,"column":5}}]},"3":{"loc":{"start":{"line":27,"column":8},"end":{"line":27,"column":52}},"type":"binary-expr","locations":[{"start":{"line":27,"column":8},"end":{"line":27,"column":16}},{"start":{"line":27,"column":20},"end":{"line":27,"column":52}}]},"4":{"loc":{"start":{"line":27,"column":54},"end":{"line":30,"column":5}},"type":"if","locations":[{"start":{"line":27,"column":54},"end":{"line":30,"column":5}}]},"5":{"loc":{"start":{"line":27,"column":58},"end":{"line":27,"column":94}},"type":"binary-expr","locations":[{"start":{"line":27,"column":58},"end":{"line":27,"column":66}},{"start":{"line":27,"column":70},"end":{"line":27,"column":94}}]},"6":{"loc":{"start":{"line":40,"column":4},"end":{"line":43,"column":5}},"type":"if","locations":[{"start":{"line":40,"column":4},"end":{"line":43,"column":5}}]},"7":{"loc":{"start":{"line":40,"column":8},"end":{"line":40,"column":112}},"type":"binary-expr","locations":[{"start":{"line":40,"column":8},"end":{"line":40,"column":16}},{"start":{"line":40,"column":20},"end":{"line":40,"column":112}}]},"8":{"loc":{"start":{"line":56,"column":6},"end":{"line":64,"column":7}},"type":"if","locations":[{"start":{"line":56,"column":6},"end":{"line":64,"column":7}}]},"9":{"loc":{"start":{"line":67,"column":6},"end":{"line":72,"column":7}},"type":"if","locations":[{"start":{"line":67,"column":6},"end":{"line":72,"column":7}}]},"10":{"loc":{"start":{"line":67,"column":10},"end":{"line":67,"column":30}},"type":"binary-expr","locations":[{"start":{"line":67,"column":10},"end":{"line":67,"column":19}},{"start":{"line":67,"column":23},"end":{"line":67,"column":30}}]},"11":{"loc":{"start":{"line":75,"column":6},"end":{"line":77,"column":7}},"type":"if","locations":[{"start":{"line":75,"column":6},"end":{"line":77,"column":7}}]},"12":{"loc":{"start":{"line":75,"column":10},"end":{"line":75,"column":82}},"type":"binary-expr","locations":[{"start":{"line":75,"column":10},"end":{"line":75,"column":16}},{"start":{"line":75,"column":20},"end":{"line":75,"column":82}}]},"13":{"loc":{"start":{"line":90,"column":57},"end":{"line":90,"column":87}},"type":"binary-expr","locations":[{"start":{"line":90,"column":57},"end":{"line":90,"column":63}},{"start":{"line":90,"column":67},"end":{"line":90,"column":87}}]}},"s":{"0":1,"1":1,"2":1,"3":1,"4":0,"5":0,"6":0,"7":1,"8":1,"9":0,"10":0,"11":0,"12":0,"13":0,"14":0,"15":0,"16":1,"17":1,"18":0,"19":0,"20":0,"21":0,"22":0,"23":0,"24":0,"25":0,"26":0,"27":0,"28":1,"29":1,"30":0,"31":0,"32":0,"33":0,"34":0,"35":0,"36":0,"37":0,"38":0,"39":1,"40":1,"41":1,"42":1,"43":1,"44":1,"45":0,"46":0,"47":0,"48":0,"49":1,"50":0,"51":1,"52":0,"53":1,"54":1,"55":0,"56":0,"57":1,"58":1,"59":0,"60":0,"61":0,"62":1},"f":{"0":0,"1":0,"2":0,"3":0,"4":1,"5":0},"b":{"0":[0],"1":[0,0],"2":[0],"3":[0,0],"4":[0],"5":[0,0],"6":[0],"7":[0,0],"8":[0],"9":[0],"10":[1,0],"11":[0],"12":[1,0],"13":[0,0]}}
,"/media/majed/HDD_partition/VS code/React/request-system/src/docs/swagger.ts": {"path":"/media/majed/HDD_partition/VS code/React/request-system/src/docs/swagger.ts","statementMap":{"0":{"start":{"line":1,"column":0},"end":{"line":1,"column":41}},"1":{"start":{"line":3,"column":23},"end":{"line":14,"column":2}},"2":{"start":{"line":16,"column":20},"end":{"line":16,"column":48}},"3":{"start":{"line":17,"column":0},"end":{"line":17,"column":27}}},"fnMap":{},"branchMap":{},"s":{"0":1,"1":1,"2":1,"3":1},"f":{},"b":{}}
,"/media/majed/HDD_partition/VS code/React/request-system/src/models/request.model.ts": {"path":"/media/majed/HDD_partition/VS code/React/request-system/src/models/request.model.ts","statementMap":{"0":{"start":{"line":1,"column":0},"end":{"line":1,"column":38}},"1":{"start":{"line":2,"column":0},"end":{"line":2,"column":47}},"2":{"start":{"line":3,"column":0},"end":{"line":3,"column":50}},"3":{"start":{"line":6,"column":13},"end":{"line":31,"column":3}}},"fnMap":{},"branchMap":{},"s":{"0":1,"1":1,"2":1,"3":1},"f":{},"b":{}}
,"/media/majed/HDD_partition/VS code/React/request-system/src/routes/request.routes.ts": {"path":"/media/majed/HDD_partition/VS code/React/request-system/src/routes/request.routes.ts","statementMap":{"0":{"start":{"line":1,"column":0},"end":{"line":1,"column":30}},"1":{"start":{"line":3,"column":0},"end":{"line":3,"column":null}},"2":{"start":{"line":12,"column":15},"end":{"line":12,"column":31}},"3":{"start":{"line":14,"column":0},"end":{"line":14,"column":32}},"4":{"start":{"line":15,"column":0},"end":{"line":15,"column":45}},"5":{"start":{"line":16,"column":0},"end":{"line":16,"column":46}},"6":{"start":{"line":17,"column":0},"end":{"line":17,"column":42}},"7":{"start":{"line":18,"column":0},"end":{"line":18,"column":30}},"8":{"start":{"line":19,"column":0},"end":{"line":19,"column":61}},"9":{"start":{"line":21,"column":0},"end":{"line":21,"column":22}}},"fnMap":{},"branchMap":{},"s":{"0":1,"1":1,"2":1,"3":1,"4":1,"5":1,"6":1,"7":1,"8":1,"9":1},"f":{},"b":{}}
,"/media/majed/HDD_partition/VS code/React/request-system/src/types/requests.ts": {"path":"/media/majed/HDD_partition/VS code/React/request-system/src/types/requests.ts","statementMap":{"0":{"start":{"line":1,"column":0},"end":{"line":1,"column":null}},"1":{"start":{"line":2,"column":4},"end":{"line":2,"column":null}},"2":{"start":{"line":3,"column":4},"end":{"line":3,"column":null}},"3":{"start":{"line":4,"column":4},"end":{"line":4,"column":null}},"4":{"start":{"line":5,"column":4},"end":{"line":5,"column":null}}},"fnMap":{"0":{"name":"(anonymous_0)","decl":{"start":{"line":1,"column":0},"end":{"line":1,"column":12}},"loc":{"start":{"line":1,"column":25},"end":{"line":6,"column":1}}}},"branchMap":{"0":{"loc":{"start":{"line":1,"column":12},"end":{"line":1,"column":null}},"type":"binary-expr","locations":[{"start":{"line":1,"column":12},"end":{"line":1,"column":25}},{"start":{"line":1,"column":25},"end":{"line":1,"column":null}}]}},"s":{"0":1,"1":1,"2":1,"3":1,"4":1},"f":{"0":1},"b":{"0":[1,1]}}
}
